2025-10-15 20:57:13,202 [INFO] \U0001f916 Бот запущен и готов к работе.
2025-10-15 20:57:14,624 [INFO] HTTP Request: POST https://api.telegram.org/bot6235518361:AAGCnc9BSBRl1m6nZGqVAC7pM_YeaQaMh0M/getMe "HTTP/1.1 200 OK"
2025-10-15 20:57:14,760 [INFO] HTTP Request: POST https://api.telegram.org/bot6235518361:AAGCnc9BSBRl1m6nZGqVAC7pM_YeaQaMh0M/deleteWebhook "HTTP/1.1 200 OK"
2025-10-15 20:57:14,761 [INFO] Application started
2025-10-15 20:57:24,683 [INFO] HTTP Request: POST https://api.telegram.org/bot6235518361:AAGCnc9BSBRl1m6nZGqVAC7pM_YeaQaMh0M/getUpdates "HTTP/1.1 200 OK"
2025-10-15 20:57:24,684 [INFO] Авторизация телефона: 79788196856
2025-10-15 20:57:29,839 [INFO] Пользователь Евгений (9497384) успешно авторизован.
2025-10-15 20:57:30,915 [INFO] HTTP Request: POST https://api.telegram.org/bot6235518361:AAGCnc9BSBRl1m6nZGqVAC7pM_YeaQaMh0M/sendMessage "HTTP/1.1 200 OK"
2025-10-15 20:57:41,135 [INFO] HTTP Request: POST https://api.telegram.org/bot6235518361:AAGCnc9BSBRl1m6nZGqVAC7pM_YeaQaMh0M/getUpdates "HTTP/1.1 200 OK"
2025-10-15 20:57:51,319 [INFO] HTTP Request: POST https://api.telegram.org/bot6235518361:AAGCnc9BSBRl1m6nZGqVAC7pM_YeaQaMh0M/getUpdates "HTTP/1.1 200 OK"
2025-10-15 20:58:01,633 [INFO] HTTP Request: POST https://api.telegram.org/bot6235518361:AAGCnc9BSBRl1m6nZGqVAC7pM_YeaQaMh0M/getUpdates "HTTP/1.1 200 OK"
2025-10-15 20:58:11,837 [INFO] HTTP Request: POST https://api.telegram.org/bot6235518361:AAGCnc9BSBRl1m6nZGqVAC7pM_YeaQaMh0M/getUpdates "HTTP/1.1 200 OK"
2025-10-15 20:58:22,350 [INFO] HTTP Request: POST https://api.telegram.org/bot6235518361:AAGCnc9BSBRl1m6nZGqVAC7pM_YeaQaMh0M/getUpdates "HTTP/1.1 200 OK"
2025-10-15 20:58:32,503 [INFO] HTTP Request: POST https://api.telegram.org/bot6235518361:AAGCnc9BSBRl1m6nZGqVAC7pM_YeaQaMh0M/getUpdates "HTTP/1.1 200 OK"
2025-10-15 20:58:42,760 [INFO] HTTP Request: POST https://api.telegram.org/bot6235518361:AAGCnc9BSBRl1m6nZGqVAC7pM_YeaQaMh0M/getUpdates "HTTP/1.1 200 OK"
2025-10-15 20:58:53,054 [INFO] HTTP Request: POST https://api.telegram.org/bot6235518361:AAGCnc9BSBRl1m6nZGqVAC7pM_YeaQaMh0M/getUpdates "HTTP/1.1 200 OK"
2025-10-15 20:59:04,386 [INFO] HTTP Request: POST https://api.telegram.org/bot6235518361:AAGCnc9BSBRl1m6nZGqVAC7pM_YeaQaMh0M/getUpdates "HTTP/1.1 200 OK"
2025-10-15 20:59:14,738 [INFO] HTTP Request: POST https://api.telegram.org/bot6235518361:AAGCnc9BSBRl1m6nZGqVAC7pM_YeaQaMh0M/getUpdates "HTTP/1.1 200 OK"
2025-10-15 21:04:07,567 [INFO] \U0001f916 Бот запущен и готов к работе.
2025-10-15 21:04:09,200 [INFO] HTTP Request: POST https://api.telegram.org/bot6235518361:AAGCnc9BSBRl1m6nZGqVAC7pM_YeaQaMh0M/getMe "HTTP/1.1 200 OK"
2025-10-15 21:04:09,425 [INFO] HTTP Request: POST https://api.telegram.org/bot6235518361:AAGCnc9BSBRl1m6nZGqVAC7pM_YeaQaMh0M/deleteWebhook "HTTP/1.1 200 OK"
2025-10-15 21:04:09,426 [INFO] Application started
2025-10-15 21:04:20,338 [INFO] HTTP Request: POST https://api.telegram.org/bot6235518361:AAGCnc9BSBRl1m6nZGqVAC7pM_YeaQaMh0M/getUpdates "HTTP/1.1 200 OK"
2025-10-15 21:04:30,517 [INFO] HTTP Request: POST https://api.telegram.org/bot6235518361:AAGCnc9BSBRl1m6nZGqVAC7pM_YeaQaMh0M/getUpdates "HTTP/1.1 200 OK"
2025-10-15 21:04:41,087 [INFO] HTTP Request: POST https://api.telegram.org/bot6235518361:AAGCnc9BSBRl1m6nZGqVAC7pM_YeaQaMh0M/getUpdates "HTTP/1.1 200 OK"
2025-10-15 21:04:44,535 [INFO] HTTP Request: POST https://api.telegram.org/bot6235518361:AAGCnc9BSBRl1m6nZGqVAC7pM_YeaQaMh0M/getUpdates "HTTP/1.1 200 OK"
2025-10-15 21:04:44,536 [INFO] Авторизация телефона: 79788196856
2025-10-15 21:04:44,536 [INFO] \u2192 [API users] phone=79788196856
2025-10-15 21:04:47,046 [INFO] \u2190 [API users] status=200, len=1416
2025-10-15 21:04:47,047 [INFO] [API users] JSON parsed: 1
2025-10-15 21:04:47,055 [INFO] Пользователь Евгений (9497384) успешно авторизован.
2025-10-15 21:04:48,221 [INFO] HTTP Request: POST https://api.telegram.org/bot6235518361:AAGCnc9BSBRl1m6nZGqVAC7pM_YeaQaMh0M/sendMessage "HTTP/1.1 200 OK"
2025-10-15 21:04:57,226 [INFO] HTTP Request: POST https://api.telegram.org/bot6235518361:AAGCnc9BSBRl1m6nZGqVAC7pM_YeaQaMh0M/getUpdates "HTTP/1.1 200 OK"
2025-10-15 21:05:07,420 [INFO] HTTP Request: POST https://api.telegram.org/bot6235518361:AAGCnc9BSBRl1m6nZGqVAC7pM_YeaQaMh0M/getUpdates "HTTP/1.1 200 OK"
2025-10-15 21:05:17,619 [INFO] HTTP Request: POST https://api.telegram.org/bot6235518361:AAGCnc9BSBRl1m6nZGqVAC7pM_YeaQaMh0M/getUpdates "HTTP/1.1 200 OK"
2025-10-15 21:05:27,873 [INFO] HTTP Request: POST https://api.telegram.org/bot6235518361:AAGCnc9BSBRl1m6nZGqVAC7pM_YeaQaMh0M/getUpdates "HTTP/1.1 200 OK"
2025-10-15 21:05:38,055 [INFO] HTTP Request: POST https://api.telegram.org/bot6235518361:AAGCnc9BSBRl1m6nZGqVAC7pM_YeaQaMh0M/getUpdates "HTTP/1.1 200 OK"
2025-10-15 21:05:48,247 [INFO] HTTP Request: POST https://api.telegram.org/bot6235518361:AAGCnc9BSBRl1m6nZGqVAC7pM_YeaQaMh0M/getUpdates "HTTP/1.1 200 OK"
2025-10-15 21:05:58,432 [INFO] HTTP Request: POST https://api.telegram.org/bot6235518361:AAGCnc9BSBRl1m6nZGqVAC7pM_YeaQaMh0M/getUpdates "HTTP/1.1 200 OK"
2025-10-15 21:06:08,573 [INFO] HTTP Request: POST https://api.telegram.org/bot6235518361:AAGCnc9BSBRl1m6nZGqVAC7pM_YeaQaMh0M/getUpdates "HTTP/1.1 200 OK"
2025-10-15 21:06:18,685 [INFO] HTTP Request: POST https://api.telegram.org/bot6235518361:AAGCnc9BSBRl1m6nZGqVAC7pM_YeaQaMh0M/getUpdates "HTTP/1.1 200 OK"
2025-10-15 21:06:28,879 [INFO] HTTP Request: POST https://api.telegram.org/bot6235518361:AAGCnc9BSBRl1m6nZGqVAC7pM_YeaQaMh0M/getUpdates "HTTP/1.1 200 OK"
2025-10-15 21:06:39,191 [INFO] HTTP Request: POST https://api.telegram.org/bot6235518361:AAGCnc9BSBRl1m6nZGqVAC7pM_YeaQaMh0M/getUpdates "HTTP/1.1 200 OK"
2025-10-15 21:06:49,357 [INFO] HTTP Request: POST https://api.telegram.org/bot6235518361:AAGCnc9BSBRl1m6nZGqVAC7pM_YeaQaMh0M/getUpdates "HTTP/1.1 200 OK"
2025-10-15 21:06:59,552 [INFO] HTTP Request: POST https://api.telegram.org/bot6235518361:AAGCnc9BSBRl1m6nZGqVAC7pM_YeaQaMh0M/getUpdates "HTTP/1.1 200 OK"
2025-10-15 21:07:09,783 [INFO] HTTP Request: POST https://api.telegram.org/bot6235518361:AAGCnc9BSBRl1m6nZGqVAC7pM_YeaQaMh0M/getUpdates "HTTP/1.1 200 OK"
2025-10-15 21:07:19,969 [INFO] HTTP Request: POST https://api.telegram.org/bot6235518361:AAGCnc9BSBRl1m6nZGqVAC7pM_YeaQaMh0M/getUpdates "HTTP/1.1 200 OK"
2025-10-15 21:07:30,284 [INFO] HTTP Request: POST https://api.telegram.org/bot6235518361:AAGCnc9BSBRl1m6nZGqVAC7pM_YeaQaMh0M/getUpdates "HTTP/1.1 200 OK"
2025-10-15 21:07:40,482 [INFO] HTTP Request: POST https://api.telegram.org/bot6235518361:AAGCnc9BSBRl1m6nZGqVAC7pM_YeaQaMh0M/getUpdates "HTTP/1.1 200 OK"
2025-10-15 21:07:47,464 [INFO] HTTP Request: POST https://api.telegram.org/bot6235518361:AAGCnc9BSBRl1m6nZGqVAC7pM_YeaQaMh0M/getUpdates "HTTP/1.1 200 OK"
2025-10-15 21:07:47,464 [INFO] Авторизация телефона: 79786881152
2025-10-15 21:07:47,465 [INFO] \u2192 [API users] phone=79786881152
2025-10-15 21:07:49,947 [INFO] \u2190 [API users] status=200, len=1421
2025-10-15 21:07:49,947 [INFO] [API users] JSON parsed: 1
2025-10-15 21:07:49,956 [INFO] Пользователь Сергей (8617477) успешно авторизован.
2025-10-15 21:07:50,552 [INFO] HTTP Request: POST https://api.telegram.org/bot6235518361:AAGCnc9BSBRl1m6nZGqVAC7pM_YeaQaMh0M/sendMessage "HTTP/1.1 200 OK"
2025-10-15 21:08:00,135 [INFO] HTTP Request: POST https://api.telegram.org/bot6235518361:AAGCnc9BSBRl1m6nZGqVAC7pM_YeaQaMh0M/getUpdates "HTTP/1.1 200 OK"
2025-10-15 21:08:10,321 [INFO] HTTP Request: POST https://api.telegram.org/bot6235518361:AAGCnc9BSBRl1m6nZGqVAC7pM_YeaQaMh0M/getUpdates "HTTP/1.1 200 OK"
2025-10-15 21:08:21,022 [INFO] HTTP Request: POST https://api.telegram.org/bot6235518361:AAGCnc9BSBRl1m6nZGqVAC7pM_YeaQaMh0M/getUpdates "HTTP/1.1 200 OK"
2025-10-15 21:08:31,591 [INFO] HTTP Request: POST https://api.telegram.org/bot6235518361:AAGCnc9BSBRl1m6nZGqVAC7pM_YeaQaMh0M/getUpdates "HTTP/1.1 200 OK"
2025-10-15 21:08:41,771 [INFO] HTTP Request: POST https://api.telegram.org/bot6235518361:AAGCnc9BSBRl1m6nZGqVAC7pM_YeaQaMh0M/getUpdates "HTTP/1.1 200 OK"
2025-10-15 21:08:51,965 [INFO] HTTP Request: POST https://api.telegram.org/bot6235518361:AAGCnc9BSBRl1m6nZGqVAC7pM_YeaQaMh0M/getUpdates "HTTP/1.1 200 OK"
2025-10-15 21:09:02,529 [INFO] HTTP Request: POST https://api.telegram.org/bot6235518361:AAGCnc9BSBRl1m6nZGqVAC7pM_YeaQaMh0M/getUpdates "HTTP/1.1 200 OK"
2025-10-15 21:09:12,708 [INFO] HTTP Request: POST https://api.telegram.org/bot6235518361:AAGCnc9BSBRl1m6nZGqVAC7pM_YeaQaMh0M/getUpdates "HTTP/1.1 200 OK"
2025-10-15 21:09:22,901 [INFO] HTTP Request: POST https://api.telegram.org/bot6235518361:AAGCnc9BSBRl1m6nZGqVAC7pM_YeaQaMh0M/getUpdates "HTTP/1.1 200 OK"
2025-10-15 21:09:33,142 [INFO] HTTP Request: POST https://api.telegram.org/bot6235518361:AAGCnc9BSBRl1m6nZGqVAC7pM_YeaQaMh0M/getUpdates "HTTP/1.1 200 OK"
2025-10-15 21:09:43,281 [INFO] HTTP Request: POST https://api.telegram.org/bot6235518361:AAGCnc9BSBRl1m6nZGqVAC7pM_YeaQaMh0M/getUpdates "HTTP/1.1 200 OK"
2025-10-15 21:09:53,471 [INFO] HTTP Request: POST https://api.telegram.org/bot6235518361:AAGCnc9BSBRl1m6nZGqVAC7pM_YeaQaMh0M/getUpdates "HTTP/1.1 200 OK"
2025-10-15 21:10:03,686 [INFO] HTTP Request: POST https://api.telegram.org/bot6235518361:AAGCnc9BSBRl1m6nZGqVAC7pM_YeaQaMh0M/getUpdates "HTTP/1.1 200 OK"
2025-10-15 21:10:14,389 [INFO] HTTP Request: POST https://api.telegram.org/bot6235518361:AAGCnc9BSBRl1m6nZGqVAC7pM_YeaQaMh0M/getUpdates "HTTP/1.1 200 OK"
2025-10-15 21:10:24,566 [INFO] HTTP Request: POST https://api.telegram.org/bot6235518361:AAGCnc9BSBRl1m6nZGqVAC7pM_YeaQaMh0M/getUpdates "HTTP/1.1 200 OK"
2025-10-15 21:10:35,025 [INFO] HTTP Request: POST https://api.telegram.org/bot6235518361:AAGCnc9BSBRl1m6nZGqVAC7pM_YeaQaMh0M/getUpdates "HTTP/1.1 200 OK"
2025-10-15 21:10:45,284 [INFO] HTTP Request: POST https://api.telegram.org/bot6235518361:AAGCnc9BSBRl1m6nZGqVAC7pM_YeaQaMh0M/getUpdates "HTTP/1.1 200 OK"
2025-10-15 21:10:55,482 [INFO] HTTP Request: POST https://api.telegram.org/bot6235518361:AAGCnc9BSBRl1m6nZGqVAC7pM_YeaQaMh0M/getUpdates "HTTP/1.1 200 OK"
2025-10-15 21:11:05,815 [INFO] HTTP Request: POST https://api.telegram.org/bot6235518361:AAGCnc9BSBRl1m6nZGqVAC7pM_YeaQaMh0M/getUpdates "HTTP/1.1 200 OK"
2025-10-15 21:11:16,021 [INFO] HTTP Request: POST https://api.telegram.org/bot6235518361:AAGCnc9BSBRl1m6nZGqVAC7pM_YeaQaMh0M/getUpdates "HTTP/1.1 200 OK"
2025-10-15 21:11:26,142 [INFO] HTTP Request: POST https://api.telegram.org/bot6235518361:AAGCnc9BSBRl1m6nZGqVAC7pM_YeaQaMh0M/getUpdates "HTTP/1.1 200 OK"
2025-10-15 21:11:36,552 [INFO] HTTP Request: POST https://api.telegram.org/bot6235518361:AAGCnc9BSBRl1m6nZGqVAC7pM_YeaQaMh0M/getUpdates "HTTP/1.1 200 OK"
2025-10-15 21:11:47,577 [INFO] HTTP Request: POST https://api.telegram.org/bot6235518361:AAGCnc9BSBRl1m6nZGqVAC7pM_YeaQaMh0M/getUpdates "HTTP/1.1 200 OK"
2025-10-15 21:11:58,097 [INFO] HTTP Request: POST https://api.telegram.org/bot6235518361:AAGCnc9BSBRl1m6nZGqVAC7pM_YeaQaMh0M/getUpdates "HTTP/1.1 200 OK"
2025-10-15 21:12:08,296 [INFO] HTTP Request: POST https://api.telegram.org/bot6235518361:AAGCnc9BSBRl1m6nZGqVAC7pM_YeaQaMh0M/getUpdates "HTTP/1.1 200 OK"
2025-10-15 21:12:18,515 [INFO] HTTP Request: POST https://api.telegram.org/bot6235518361:AAGCnc9BSBRl1m6nZGqVAC7pM_YeaQaMh0M/getUpdates "HTTP/1.1 200 OK"
2025-10-15 21:12:28,799 [INFO] HTTP Request: POST https://api.telegram.org/bot6235518361:AAGCnc9BSBRl1m6nZGqVAC7pM_YeaQaMh0M/getUpdates "HTTP/1.1 200 OK"
2025-10-15 21:12:39,021 [INFO] HTTP Request: POST https://api.telegram.org/bot6235518361:AAGCnc9BSBRl1m6nZGqVAC7pM_YeaQaMh0M/getUpdates "HTTP/1.1 200 OK"
2025-10-15 21:12:49,241 [INFO] HTTP Request: POST https://api.telegram.org/bot6235518361:AAGCnc9BSBRl1m6nZGqVAC7pM_YeaQaMh0M/getUpdates "HTTP/1.1 200 OK"
2025-10-15 21:12:59,445 [INFO] HTTP Request: POST https://api.telegram.org/bot6235518361:AAGCnc9BSBRl1m6nZGqVAC7pM_YeaQaMh0M/getUpdates "HTTP/1.1 200 OK"
2025-10-15 21:13:09,662 [INFO] HTTP Request: POST https://api.telegram.org/bot6235518361:AAGCnc9BSBRl1m6nZGqVAC7pM_YeaQaMh0M/getUpdates "HTTP/1.1 200 OK"
2025-10-15 21:13:20,639 [INFO] HTTP Request: POST https://api.telegram.org/bot6235518361:AAGCnc9BSBRl1m6nZGqVAC7pM_YeaQaMh0M/getUpdates "HTTP/1.1 200 OK"
2025-10-15 21:13:30,831 [INFO] HTTP Request: POST https://api.telegram.org/bot6235518361:AAGCnc9BSBRl1m6nZGqVAC7pM_YeaQaMh0M/getUpdates "HTTP/1.1 200 OK"
2025-10-15 21:13:41,022 [INFO] HTTP Request: POST https://api.telegram.org/bot6235518361:AAGCnc9BSBRl1m6nZGqVAC7pM_YeaQaMh0M/getUpdates "HTTP/1.1 200 OK"
2025-10-15 21:13:51,218 [INFO] HTTP Request: POST https://api.telegram.org/bot6235518361:AAGCnc9BSBRl1m6nZGqVAC7pM_YeaQaMh0M/getUpdates "HTTP/1.1 200 OK"
2025-10-15 21:14:01,427 [INFO] HTTP Request: POST https://api.telegram.org/bot6235518361:AAGCnc9BSBRl1m6nZGqVAC7pM_YeaQaMh0M/getUpdates "HTTP/1.1 200 OK"
2025-10-15 21:14:11,624 [INFO] HTTP Request: POST https://api.telegram.org/bot6235518361:AAGCnc9BSBRl1m6nZGqVAC7pM_YeaQaMh0M/getUpdates "HTTP/1.1 200 OK"
2025-10-15 21:14:21,814 [INFO] HTTP Request: POST https://api.telegram.org/bot6235518361:AAGCnc9BSBRl1m6nZGqVAC7pM_YeaQaMh0M/getUpdates "HTTP/1.1 200 OK"
2025-10-15 21:14:32,014 [INFO] HTTP Request: POST https://api.telegram.org/bot6235518361:AAGCnc9BSBRl1m6nZGqVAC7pM_YeaQaMh0M/getUpdates "HTTP/1.1 200 OK"
2025-10-15 21:14:42,200 [INFO] HTTP Request: POST https://api.telegram.org/bot6235518361:AAGCnc9BSBRl1m6nZGqVAC7pM_YeaQaMh0M/getUpdates "HTTP/1.1 200 OK"
2025-10-15 21:14:52,722 [INFO] HTTP Request: POST https://api.telegram.org/bot6235518361:AAGCnc9BSBRl1m6nZGqVAC7pM_YeaQaMh0M/getUpdates "HTTP/1.1 200 OK"
2025-10-15 21:15:02,913 [INFO] HTTP Request: POST https://api.telegram.org/bot6235518361:AAGCnc9BSBRl1m6nZGqVAC7pM_YeaQaMh0M/getUpdates "HTTP/1.1 200 OK"
2025-10-15 21:15:13,329 [INFO] HTTP Request: POST https://api.telegram.org/bot6235518361:AAGCnc9BSBRl1m6nZGqVAC7pM_YeaQaMh0M/getUpdates "HTTP/1.1 200 OK"
2025-10-15 21:15:23,527 [INFO] HTTP Request: POST https://api.telegram.org/bot6235518361:AAGCnc9BSBRl1m6nZGqVAC7pM_YeaQaMh0M/getUpdates "HTTP/1.1 200 OK"
2025-10-15 21:15:33,726 [INFO] HTTP Request: POST https://api.telegram.org/bot6235518361:AAGCnc9BSBRl1m6nZGqVAC7pM_YeaQaMh0M/getUpdates "HTTP/1.1 200 OK"
2025-10-15 21:15:43,913 [INFO] HTTP Request: POST https://api.telegram.org/bot6235518361:AAGCnc9BSBRl1m6nZGqVAC7pM_YeaQaMh0M/getUpdates "HTTP/1.1 200 OK"
2025-10-15 21:15:54,096 [INFO] HTTP Request: POST https://api.telegram.org/bot6235518361:AAGCnc9BSBRl1m6nZGqVAC7pM_YeaQaMh0M/getUpdates "HTTP/1.1 200 OK"
2025-10-15 21:16:04,296 [INFO] HTTP Request: POST https://api.telegram.org/bot6235518361:AAGCnc9BSBRl1m6nZGqVAC7pM_YeaQaMh0M/getUpdates "HTTP/1.1 200 OK"
2025-10-15 21:16:14,482 [INFO] HTTP Request: POST https://api.telegram.org/bot6235518361:AAGCnc9BSBRl1m6nZGqVAC7pM_YeaQaMh0M/getUpdates "HTTP/1.1 200 OK"
2025-10-15 21:16:24,680 [INFO] HTTP Request: POST https://api.telegram.org/bot6235518361:AAGCnc9BSBRl1m6nZGqVAC7pM_YeaQaMh0M/getUpdates "HTTP/1.1 200 OK"
2025-10-15 21:16:34,881 [INFO] HTTP Request: POST https://api.telegram.org/bot6235518361:AAGCnc9BSBRl1m6nZGqVAC7pM_YeaQaMh0M/getUpdates "HTTP/1.1 200 OK"
2025-10-15 21:16:45,067 [INFO] HTTP Request: POST https://api.telegram.org/bot6235518361:AAGCnc9BSBRl1m6nZGqVAC7pM_YeaQaMh0M/getUpdates "HTTP/1.1 200 OK"
2025-10-15 21:16:55,569 [INFO] HTTP Request: POST https://api.telegram.org/bot6235518361:AAGCnc9BSBRl1m6nZGqVAC7pM_YeaQaMh0M/getUpdates "HTTP/1.1 200 OK"
2025-10-15 21:17:05,880 [INFO] HTTP Request: POST https://api.telegram.org/bot6235518361:AAGCnc9BSBRl1m6nZGqVAC7pM_YeaQaMh0M/getUpdates "HTTP/1.1 200 OK"
2025-10-15 21:17:16,147 [INFO] HTTP Request: POST https://api.telegram.org/bot6235518361:AAGCnc9BSBRl1m6nZGqVAC7pM_YeaQaMh0M/getUpdates "HTTP/1.1 200 OK"
2025-10-15 21:17:26,335 [INFO] HTTP Request: POST https://api.telegram.org/bot6235518361:AAGCnc9BSBRl1m6nZGqVAC7pM_YeaQaMh0M/getUpdates "HTTP/1.1 200 OK"
2025-10-15 21:17:36,592 [INFO] HTTP Request: POST https://api.telegram.org/bot6235518361:AAGCnc9BSBRl1m6nZGqVAC7pM_YeaQaMh0M/getUpdates "HTTP/1.1 200 OK"
2025-10-15 21:17:46,729 [INFO] HTTP Request: POST https://api.telegram.org/bot6235518361:AAGCnc9BSBRl1m6nZGqVAC7pM_YeaQaMh0M/getUpdates "HTTP/1.1 200 OK"
2025-10-15 21:17:56,920 [INFO] HTTP Request: POST https://api.telegram.org/bot6235518361:AAGCnc9BSBRl1m6nZGqVAC7pM_YeaQaMh0M/getUpdates "HTTP/1.1 200 OK"
2025-10-15 21:18:07,128 [INFO] HTTP Request: POST https://api.telegram.org/bot6235518361:AAGCnc9BSBRl1m6nZGqVAC7pM_YeaQaMh0M/getUpdates "HTTP/1.1 200 OK"
2025-10-15 21:18:17,611 [INFO] HTTP Request: POST https://api.telegram.org/bot6235518361:AAGCnc9BSBRl1m6nZGqVAC7pM_YeaQaMh0M/getUpdates "HTTP/1.1 200 OK"
2025-10-15 21:18:27,801 [INFO] HTTP Request: POST https://api.telegram.org/bot6235518361:AAGCnc9BSBRl1m6nZGqVAC7pM_YeaQaMh0M/getUpdates "HTTP/1.1 200 OK"
2025-10-15 21:18:38,004 [INFO] HTTP Request: POST https://api.telegram.org/bot6235518361:AAGCnc9BSBRl1m6nZGqVAC7pM_YeaQaMh0M/getUpdates "HTTP/1.1 200 OK"
2025-10-15 21:18:48,195 [INFO] HTTP Request: POST https://api.telegram.org/bot6235518361:AAGCnc9BSBRl1m6nZGqVAC7pM_YeaQaMh0M/getUpdates "HTTP/1.1 200 OK"
2025-10-15 21:18:58,382 [INFO] HTTP Request: POST https://api.telegram.org/bot6235518361:AAGCnc9BSBRl1m6nZGqVAC7pM_YeaQaMh0M/getUpdates "HTTP/1.1 200 OK"
2025-10-15 21:19:08,567 [INFO] HTTP Request: POST https://api.telegram.org/bot6235518361:AAGCnc9BSBRl1m6nZGqVAC7pM_YeaQaMh0M/getUpdates "HTTP/1.1 200 OK"
2025-10-15 21:19:18,749 [INFO] HTTP Request: POST https://api.telegram.org/bot6235518361:AAGCnc9BSBRl1m6nZGqVAC7pM_YeaQaMh0M/getUpdates "HTTP/1.1 200 OK"
2025-10-15 21:19:28,995 [INFO] HTTP Request: POST https://api.telegram.org/bot6235518361:AAGCnc9BSBRl1m6nZGqVAC7pM_YeaQaMh0M/getUpdates "HTTP/1.1 200 OK"
2025-10-15 21:19:39,291 [INFO] HTTP Request: POST https://api.telegram.org/bot6235518361:AAGCnc9BSBRl1m6nZGqVAC7pM_YeaQaMh0M/getUpdates "HTTP/1.1 200 OK"
2025-10-15 21:19:49,465 [INFO] HTTP Request: POST https://api.telegram.org/bot6235518361:AAGCnc9BSBRl1m6nZGqVAC7pM_YeaQaMh0M/getUpdates "HTTP/1.1 200 OK"
2025-10-15 21:19:59,797 [INFO] HTTP Request: POST https://api.telegram.org/bot6235518361:AAGCnc9BSBRl1m6nZGqVAC7pM_YeaQaMh0M/getUpdates "HTTP/1.1 200 OK"
2025-10-15 21:20:09,980 [INFO] HTTP Request: POST https://api.telegram.org/bot6235518361:AAGCnc9BSBRl1m6nZGqVAC7pM_YeaQaMh0M/getUpdates "HTTP/1.1 200 OK"
2025-10-15 21:20:20,118 [INFO] HTTP Request: POST https://api.telegram.org/bot6235518361:AAGCnc9BSBRl1m6nZGqVAC7pM_YeaQaMh0M/getUpdates "HTTP/1.1 200 OK"
2025-10-15 21:20:30,304 [INFO] HTTP Request: POST https://api.telegram.org/bot6235518361:AAGCnc9BSBRl1m6nZGqVAC7pM_YeaQaMh0M/getUpdates "HTTP/1.1 200 OK"
2025-10-15 21:20:40,493 [INFO] HTTP Request: POST https://api.telegram.org/bot6235518361:AAGCnc9BSBRl1m6nZGqVAC7pM_YeaQaMh0M/getUpdates "HTTP/1.1 200 OK"
2025-10-15 21:20:50,682 [INFO] HTTP Request: POST https://api.telegram.org/bot6235518361:AAGCnc9BSBRl1m6nZGqVAC7pM_YeaQaMh0M/getUpdates "HTTP/1.1 200 OK"
2025-10-15 21:21:00,882 [INFO] HTTP Request: POST https://api.telegram.org/bot6235518361:AAGCnc9BSBRl1m6nZGqVAC7pM_YeaQaMh0M/getUpdates "HTTP/1.1 200 OK"
2025-10-15 21:21:11,068 [INFO] HTTP Request: POST https://api.telegram.org/bot6235518361:AAGCnc9BSBRl1m6nZGqVAC7pM_YeaQaMh0M/getUpdates "HTTP/1.1 200 OK"
2025-10-15 21:21:22,334 [INFO] HTTP Request: POST https://api.telegram.org/bot6235518361:AAGCnc9BSBRl1m6nZGqVAC7pM_YeaQaMh0M/getUpdates "HTTP/1.1 200 OK"
2025-10-15 21:21:32,564 [INFO] HTTP Request: POST https://api.telegram.org/bot6235518361:AAGCnc9BSBRl1m6nZGqVAC7pM_YeaQaMh0M/getUpdates "HTTP/1.1 200 OK"
2025-10-15 21:21:42,769 [INFO] HTTP Request: POST https://api.telegram.org/bot6235518361:AAGCnc9BSBRl1m6nZGqVAC7pM_YeaQaMh0M/getUpdates "HTTP/1.1 200 OK"
2025-10-15 21:21:52,966 [INFO] HTTP Request: POST https://api.telegram.org/bot6235518361:AAGCnc9BSBRl1m6nZGqVAC7pM_YeaQaMh0M/getUpdates "HTTP/1.1 200 OK"
2025-10-15 21:22:03,157 [INFO] HTTP Request: POST https://api.telegram.org/bot6235518361:AAGCnc9BSBRl1m6nZGqVAC7pM_YeaQaMh0M/getUpdates "HTTP/1.1 200 OK"
2025-10-15 21:22:13,359 [INFO] HTTP Request: POST https://api.telegram.org/bot6235518361:AAGCnc9BSBRl1m6nZGqVAC7pM_YeaQaMh0M/getUpdates "HTTP/1.1 200 OK"
2025-10-15 21:22:23,568 [INFO] HTTP Request: POST https://api.telegram.org/bot6235518361:AAGCnc9BSBRl1m6nZGqVAC7pM_YeaQaMh0M/getUpdates "HTTP/1.1 200 OK"
2025-10-15 21:22:33,753 [INFO] HTTP Request: POST https://api.telegram.org/bot6235518361:AAGCnc9BSBRl1m6nZGqVAC7pM_YeaQaMh0M/getUpdates "HTTP/1.1 200 OK"
2025-10-15 21:22:44,095 [INFO] HTTP Request: POST https://api.telegram.org/bot6235518361:AAGCnc9BSBRl1m6nZGqVAC7pM_YeaQaMh0M/getUpdates "HTTP/1.1 200 OK"
2025-10-15 21:22:54,317 [INFO] HTTP Request: POST https://api.telegram.org/bot6235518361:AAGCnc9BSBRl1m6nZGqVAC7pM_YeaQaMh0M/getUpdates "HTTP/1.1 200 OK"
2025-10-15 21:23:04,441 [INFO] HTTP Request: POST https://api.telegram.org/bot6235518361:AAGCnc9BSBRl1m6nZGqVAC7pM_YeaQaMh0M/getUpdates "HTTP/1.1 200 OK"
2025-10-15 21:23:14,712 [INFO] HTTP Request: POST https://api.telegram.org/bot6235518361:AAGCnc9BSBRl1m6nZGqVAC7pM_YeaQaMh0M/getUpdates "HTTP/1.1 200 OK"
2025-10-15 21:23:24,941 [INFO] HTTP Request: POST https://api.telegram.org/bot6235518361:AAGCnc9BSBRl1m6nZGqVAC7pM_YeaQaMh0M/getUpdates "HTTP/1.1 200 OK"
2025-10-15 21:23:35,127 [INFO] HTTP Request: POST https://api.telegram.org/bot6235518361:AAGCnc9BSBRl1m6nZGqVAC7pM_YeaQaMh0M/getUpdates "HTTP/1.1 200 OK"
2025-10-15 21:23:45,370 [INFO] HTTP Request: POST https://api.telegram.org/bot6235518361:AAGCnc9BSBRl1m6nZGqVAC7pM_YeaQaMh0M/getUpdates "HTTP/1.1 200 OK"
2025-10-15 21:23:55,596 [INFO] HTTP Request: POST https://api.telegram.org/bot6235518361:AAGCnc9BSBRl1m6nZGqVAC7pM_YeaQaMh0M/getUpdates "HTTP/1.1 200 OK"
2025-10-15 21:24:05,888 [INFO] HTTP Request: POST https://api.telegram.org/bot6235518361:AAGCnc9BSBRl1m6nZGqVAC7pM_YeaQaMh0M/getUpdates "HTTP/1.1 200 OK"
2025-10-15 21:24:16,138 [INFO] HTTP Request: POST https://api.telegram.org/bot6235518361:AAGCnc9BSBRl1m6nZGqVAC7pM_YeaQaMh0M/getUpdates "HTTP/1.1 200 OK"
2025-10-15 21:24:26,406 [INFO] HTTP Request: POST https://api.telegram.org/bot6235518361:AAGCnc9BSBRl1m6nZGqVAC7pM_YeaQaMh0M/getUpdates "HTTP/1.1 200 OK"
2025-10-15 21:24:36,518 [INFO] HTTP Request: POST https://api.telegram.org/bot6235518361:AAGCnc9BSBRl1m6nZGqVAC7pM_YeaQaMh0M/getUpdates "HTTP/1.1 200 OK"
2025-10-15 21:24:46,749 [INFO] HTTP Request: POST https://api.telegram.org/bot6235518361:AAGCnc9BSBRl1m6nZGqVAC7pM_YeaQaMh0M/getUpdates "HTTP/1.1 200 OK"
2025-10-15 21:24:56,991 [INFO] HTTP Request: POST https://api.telegram.org/bot6235518361:AAGCnc9BSBRl1m6nZGqVAC7pM_YeaQaMh0M/getUpdates "HTTP/1.1 200 OK"
2025-10-15 21:25:07,290 [INFO] HTTP Request: POST https://api.telegram.org/bot6235518361:AAGCnc9BSBRl1m6nZGqVAC7pM_YeaQaMh0M/getUpdates "HTTP/1.1 200 OK"
2025-10-15 21:25:17,443 [INFO] HTTP Request: POST https://api.telegram.org/bot6235518361:AAGCnc9BSBRl1m6nZGqVAC7pM_YeaQaMh0M/getUpdates "HTTP/1.1 200 OK"
2025-10-15 21:25:27,689 [INFO] HTTP Request: POST https://api.telegram.org/bot6235518361:AAGCnc9BSBRl1m6nZGqVAC7pM_YeaQaMh0M/getUpdates "HTTP/1.1 200 OK"
2025-10-15 21:25:37,926 [INFO] HTTP Request: POST https://api.telegram.org/bot6235518361:AAGCnc9BSBRl1m6nZGqVAC7pM_YeaQaMh0M/getUpdates "HTTP/1.1 200 OK"
2025-10-15 21:25:48,045 [INFO] HTTP Request: POST https://api.telegram.org/bot6235518361:AAGCnc9BSBRl1m6nZGqVAC7pM_YeaQaMh0M/getUpdates "HTTP/1.1 200 OK"
2025-10-15 21:25:58,165 [INFO] HTTP Request: POST https://api.telegram.org/bot6235518361:AAGCnc9BSBRl1m6nZGqVAC7pM_YeaQaMh0M/getUpdates "HTTP/1.1 200 OK"
2025-10-15 21:26:08,310 [INFO] HTTP Request: POST https://api.telegram.org/bot6235518361:AAGCnc9BSBRl1m6nZGqVAC7pM_YeaQaMh0M/getUpdates "HTTP/1.1 200 OK"
2025-10-15 21:26:18,421 [INFO] HTTP Request: POST https://api.telegram.org/bot6235518361:AAGCnc9BSBRl1m6nZGqVAC7pM_YeaQaMh0M/getUpdates "HTTP/1.1 200 OK"
2025-10-15 21:26:28,565 [INFO] HTTP Request: POST https://api.telegram.org/bot6235518361:AAGCnc9BSBRl1m6nZGqVAC7pM_YeaQaMh0M/getUpdates "HTTP/1.1 200 OK"
2025-10-15 21:26:38,723 [INFO] HTTP Request: POST https://api.telegram.org/bot6235518361:AAGCnc9BSBRl1m6nZGqVAC7pM_YeaQaMh0M/getUpdates "HTTP/1.1 200 OK"
2025-10-15 21:26:48,838 [INFO] HTTP Request: POST https://api.telegram.org/bot6235518361:AAGCnc9BSBRl1m6nZGqVAC7pM_YeaQaMh0M/getUpdates "HTTP/1.1 200 OK"
2025-10-15 21:26:59,039 [INFO] HTTP Request: POST https://api.telegram.org/bot6235518361:AAGCnc9BSBRl1m6nZGqVAC7pM_YeaQaMh0M/getUpdates "HTTP/1.1 200 OK"
2025-10-15 21:27:09,247 [INFO] HTTP Request: POST https://api.telegram.org/bot6235518361:AAGCnc9BSBRl1m6nZGqVAC7pM_YeaQaMh0M/getUpdates "HTTP/1.1 200 OK"
2025-10-15 21:27:19,436 [INFO] HTTP Request: POST https://api.telegram.org/bot6235518361:AAGCnc9BSBRl1m6nZGqVAC7pM_YeaQaMh0M/getUpdates "HTTP/1.1 200 OK"
